2026-05-12 12:07:37,829 [INFO] __main__: Загружено API ключей: 3, AI ключей: 1
2026-05-12 12:07:37,830 [INFO] __main__: Op уровней: 3
2026-05-12 12:07:37,830 [INFO] __main__: Порог варнов: 5
2026-05-12 12:07:37,830 [INFO] __main__: Бот запускается...
2026-05-12 12:07:37,892 [INFO] __main__: Бот запущен
2026-05-12 12:07:38,342 [INFO] httpx: HTTP Request: POST https://api.telegram.org/bot7865308450:AAEGW5DzQoUjHdWQwYPXZ0ksxYbWZgYucsA/getMe "HTTP/1.1 200 OK"
2026-05-12 12:07:38,496 [INFO] httpx: HTTP Request: POST https://api.telegram.org/bot7865308450:AAEGW5DzQoUjHdWQwYPXZ0ksxYbWZgYucsA/deleteWebhook "HTTP/1.1 200 OK"
2026-05-12 12:07:38,497 [INFO] telegram.ext.Application: Application started
2026-05-12 12:07:39,052 [INFO] httpx: HTTP Request: POST https://api.telegram.org/bot7865308450:AAEGW5DzQoUjHdWQwYPXZ0ksxYbWZgYucsA/getUpdates "HTTP/1.1 200 OK"
2026-05-12 12:07:49,725 [INFO] httpx: HTTP Request: POST https://api.telegram.org/bot7865308450:AAEGW5DzQoUjHdWQwYPXZ0ksxYbWZgYucsA/getUpdates "HTTP/1.1 200 OK"
2026-05-12 12:07:59,889 [INFO] httpx: HTTP Request: POST https://api.telegram.org/bot7865308450:AAEGW5DzQoUjHdWQwYPXZ0ksxYbWZgYucsA/getUpdates "HTTP/1.1 200 OK"
2026-05-12 12:08:10,428 [INFO] httpx: HTTP Request: POST https://api.telegram.org/bot7865308450:AAEGW5DzQoUjHdWQwYPXZ0ksxYbWZgYucsA/getUpdates "HTTP/1.1 200 OK"
2026-05-12 12:08:20,586 [INFO] httpx: HTTP Request: POST https://api.telegram.org/bot7865308450:AAEGW5DzQoUjHdWQwYPXZ0ksxYbWZgYucsA/getUpdates "HTTP/1.1 200 OK"
2026-05-12 12:08:30,739 [INFO] httpx: HTTP Request: POST https://api.telegram.org/bot7865308450:AAEGW5DzQoUjHdWQwYPXZ0ksxYbWZgYucsA/getUpdates "HTTP/1.1 200 OK"
2026-05-12 12:08:40,893 [INFO] httpx: HTTP Request: POST https://api.telegram.org/bot7865308450:AAEGW5DzQoUjHdWQwYPXZ0ksxYbWZgYucsA/getUpdates "HTTP/1.1 200 OK"
2026-05-12 12:08:51,323 [INFO] httpx: HTTP Request: POST https://api.telegram.org/bot7865308450:AAEGW5DzQoUjHdWQwYPXZ0ksxYbWZgYucsA/getUpdates "HTTP/1.1 200 OK"
2026-05-12 12:09:01,631 [INFO] httpx: HTTP Request: POST https://api.telegram.org/bot7865308450:AAEGW5DzQoUjHdWQwYPXZ0ksxYbWZgYucsA/getUpdates "HTTP/1.1 200 OK"
2026-05-12 12:09:03,239 [INFO] httpx: HTTP Request: POST https://api.telegram.org/bot7865308450:AAEGW5DzQoUjHdWQwYPXZ0ksxYbWZgYucsA/getUpdates "HTTP/1.1 200 OK"
2026-05-12 12:09:13,564 [INFO] httpx: HTTP Request: POST https://api.telegram.org/bot7865308450:AAEGW5DzQoUjHdWQwYPXZ0ksxYbWZgYucsA/getUpdates "HTTP/1.1 200 OK"
2026-05-12 12:09:23,804 [INFO] httpx: HTTP Request: POST https://api.telegram.org/bot7865308450:AAEGW5DzQoUjHdWQwYPXZ0ksxYbWZgYucsA/getUpdates "HTTP/1.1 200 OK"
2026-05-12 12:09:25,365 [INFO] httpx: HTTP Request: POST https://api.telegram.org/bot7865308450:AAEGW5DzQoUjHdWQwYPXZ0ksxYbWZgYucsA/getUpdates "HTTP/1.1 200 OK"
2026-05-12 12:09:27,437 [INFO] httpx: HTTP Request: POST https://api.telegram.org/bot7865308450:AAEGW5DzQoUjHdWQwYPXZ0ksxYbWZgYucsA/getUpdates "HTTP/1.1 200 OK"
2026-05-12 12:09:28,148 [INFO] httpx: HTTP Request: POST https://api.telegram.org/bot7865308450:AAEGW5DzQoUjHdWQwYPXZ0ksxYbWZgYucsA/getUpdates "HTTP/1.1 200 OK"
2026-05-12 12:09:38,309 [INFO] httpx: HTTP Request: POST https://api.telegram.org/bot7865308450:AAEGW5DzQoUjHdWQwYPXZ0ksxYbWZgYucsA/getUpdates "HTTP/1.1 200 OK"
2026-05-12 12:09:39,197 [INFO] httpx: HTTP Request: POST https://api.telegram.org/bot7865308450:AAEGW5DzQoUjHdWQwYPXZ0ksxYbWZgYucsA/getUpdates "HTTP/1.1 200 OK"
2026-05-12 12:09:49,358 [INFO] httpx: HTTP Request: POST https://api.telegram.org/bot7865308450:AAEGW5DzQoUjHdWQwYPXZ0ksxYbWZgYucsA/getUpdates "HTTP/1.1 200 OK"
2026-05-12 12:09:59,808 [INFO] httpx: HTTP Request: POST https://api.telegram.org/bot7865308450:AAEGW5DzQoUjHdWQwYPXZ0ksxYbWZgYucsA/getUpdates "HTTP/1.1 200 OK"
2026-05-12 12:10:10,168 [INFO] httpx: HTTP Request: POST https://api.telegram.org/bot7865308450:AAEGW5DzQoUjHdWQwYPXZ0ksxYbWZgYucsA/getUpdates "HTTP/1.1 200 OK"
2026-05-12 12:10:20,341 [INFO] httpx: HTTP Request: POST https://api.telegram.org/bot7865308450:AAEGW5DzQoUjHdWQwYPXZ0ksxYbWZgYucsA/getUpdates "HTTP/1.1 200 OK"
2026-05-12 12:10:30,586 [INFO] httpx: HTTP Request: POST https://api.telegram.org/bot7865308450:AAEGW5DzQoUjHdWQwYPXZ0ksxYbWZgYucsA/getUpdates "HTTP/1.1 200 OK"
2026-05-12 12:10:40,742 [INFO] httpx: HTTP Request: POST https://api.telegram.org/bot7865308450:AAEGW5DzQoUjHdWQwYPXZ0ksxYbWZgYucsA/getUpdates "HTTP/1.1 200 OK"
2026-05-12 12:10:50,901 [INFO] httpx: HTTP Request: POST https://api.telegram.org/bot7865308450:AAEGW5DzQoUjHdWQwYPXZ0ksxYbWZgYucsA/getUpdates "HTTP/1.1 200 OK"
2026-05-12 12:11:01,454 [INFO] httpx: HTTP Request: POST https://api.telegram.org/bot7865308450:AAEGW5DzQoUjHdWQwYPXZ0ksxYbWZgYucsA/getUpdates "HTTP/1.1 200 OK"
2026-05-12 12:11:11,608 [INFO] httpx: HTTP Request: POST https://api.telegram.org/bot7865308450:AAEGW5DzQoUjHdWQwYPXZ0ksxYbWZgYucsA/getUpdates "HTTP/1.1 200 OK"
2026-05-12 12:11:21,762 [INFO] httpx: HTTP Request: POST https://api.telegram.org/bot7865308450:AAEGW5DzQoUjHdWQwYPXZ0ksxYbWZgYucsA/getUpdates "HTTP/1.1 200 OK"
2026-05-12 12:11:31,920 [INFO] httpx: HTTP Request: POST https://api.telegram.org/bot7865308450:AAEGW5DzQoUjHdWQwYPXZ0ksxYbWZgYucsA/getUpdates "HTTP/1.1 200 OK"
2026-05-12 12:11:42,075 [INFO] httpx: HTTP Request: POST https://api.telegram.org/bot7865308450:AAEGW5DzQoUjHdWQwYPXZ0ksxYbWZgYucsA/getUpdates "HTTP/1.1 200 OK"
2026-05-12 12:11:52,230 [INFO] httpx: HTTP Request: POST https://api.telegram.org/bot7865308450:AAEGW5DzQoUjHdWQwYPXZ0ksxYbWZgYucsA/getUpdates "HTTP/1.1 200 OK"
2026-05-12 12:12:02,386 [INFO] httpx: HTTP Request: POST https://api.telegram.org/bot7865308450:AAEGW5DzQoUjHdWQwYPXZ0ksxYbWZgYucsA/getUpdates "HTTP/1.1 200 OK"
2026-05-12 12:12:12,541 [INFO] httpx: HTTP Request: POST https://api.telegram.org/bot7865308450:AAEGW5DzQoUjHdWQwYPXZ0ksxYbWZgYucsA/getUpdates "HTTP/1.1 200 OK"
2026-05-12 12:12:22,695 [INFO] httpx: HTTP Request: POST https://api.telegram.org/bot7865308450:AAEGW5DzQoUjHdWQwYPXZ0ksxYbWZgYucsA/getUpdates "HTTP/1.1 200 OK"
2026-05-12 12:12:32,850 [INFO] httpx: HTTP Request: POST https://api.telegram.org/bot7865308450:AAEGW5DzQoUjHdWQwYPXZ0ksxYbWZgYucsA/getUpdates "HTTP/1.1 200 OK"
2026-05-12 12:12:43,006 [INFO] httpx: HTTP Request: POST https://api.telegram.org/bot7865308450:AAEGW5DzQoUjHdWQwYPXZ0ksxYbWZgYucsA/getUpdates "HTTP/1.1 200 OK"
2026-05-12 12:12:53,167 [INFO] httpx: HTTP Request: POST https://api.telegram.org/bot7865308450:AAEGW5DzQoUjHdWQwYPXZ0ksxYbWZgYucsA/getUpdates "HTTP/1.1 200 OK"
2026-05-12 12:13:03,686 [INFO] httpx: HTTP Request: POST https://api.telegram.org/bot7865308450:AAEGW5DzQoUjHdWQwYPXZ0ksxYbWZgYucsA/getUpdates "HTTP/1.1 200 OK"
2026-05-12 12:13:13,850 [INFO] httpx: HTTP Request: POST https://api.telegram.org/bot7865308450:AAEGW5DzQoUjHdWQwYPXZ0ksxYbWZgYucsA/getUpdates "HTTP/1.1 200 OK"
2026-05-12 12:13:24,007 [INFO] httpx: HTTP Request: POST https://api.telegram.org/bot7865308450:AAEGW5DzQoUjHdWQwYPXZ0ksxYbWZgYucsA/getUpdates "HTTP/1.1 200 OK"
2026-05-12 12:13:34,162 [INFO] httpx: HTTP Request: POST https://api.telegram.org/bot7865308450:AAEGW5DzQoUjHdWQwYPXZ0ksxYbWZgYucsA/getUpdates "HTTP/1.1 200 OK"
2026-05-12 12:13:44,318 [INFO] httpx: HTTP Request: POST https://api.telegram.org/bot7865308450:AAEGW5DzQoUjHdWQwYPXZ0ksxYbWZgYucsA/getUpdates "HTTP/1.1 200 OK"
2026-05-12 12:13:54,473 [INFO] httpx: HTTP Request: POST https://api.telegram.org/bot7865308450:AAEGW5DzQoUjHdWQwYPXZ0ksxYbWZgYucsA/getUpdates "HTTP/1.1 200 OK"
2026-05-12 12:14:04,626 [INFO] httpx: HTTP Request: POST https://api.telegram.org/bot7865308450:AAEGW5DzQoUjHdWQwYPXZ0ksxYbWZgYucsA/getUpdates "HTTP/1.1 200 OK"
2026-05-12 12:14:14,781 [INFO] httpx: HTTP Request: POST https://api.telegram.org/bot7865308450:AAEGW5DzQoUjHdWQwYPXZ0ksxYbWZgYucsA/getUpdates "HTTP/1.1 200 OK"
2026-05-12 12:14:24,935 [INFO] httpx: HTTP Request: POST https://api.telegram.org/bot7865308450:AAEGW5DzQoUjHdWQwYPXZ0ksxYbWZgYucsA/getUpdates "HTTP/1.1 200 OK"
2026-05-12 12:14:34,172 [INFO] httpx: HTTP Request: POST https://api.telegram.org/bot7865308450:AAEGW5DzQoUjHdWQwYPXZ0ksxYbWZgYucsA/getUpdates "HTTP/1.1 200 OK"
2026-05-12 12:14:34,527 [INFO] httpx: HTTP Request: POST https://api.telegram.org/bot7865308450:AAEGW5DzQoUjHdWQwYPXZ0ksxYbWZgYucsA/sendMessage "HTTP/1.1 200 OK"
2026-05-12 12:14:44,329 [INFO] httpx: HTTP Request: POST https://api.telegram.org/bot7865308450:AAEGW5DzQoUjHdWQwYPXZ0ksxYbWZgYucsA/getUpdates "HTTP/1.1 200 OK"
2026-05-12 12:14:54,503 [INFO] httpx: HTTP Request: POST https://api.telegram.org/bot7865308450:AAEGW5DzQoUjHdWQwYPXZ0ksxYbWZgYucsA/getUpdates "HTTP/1.1 200 OK"
2026-05-12 12:15:04,904 [INFO] httpx: HTTP Request: POST https://api.telegram.org/bot7865308450:AAEGW5DzQoUjHdWQwYPXZ0ksxYbWZgYucsA/getUpdates "HTTP/1.1 200 OK"
2026-05-12 12:15:10,409 [INFO] httpx: HTTP Request: POST https://api.telegram.org/bot7865308450:AAEGW5DzQoUjHdWQwYPXZ0ksxYbWZgYucsA/getUpdates "HTTP/1.1 200 OK"
2026-05-12 12:15:10,781 [INFO] httpx: HTTP Request: POST https://api.telegram.org/bot7865308450:AAEGW5DzQoUjHdWQwYPXZ0ksxYbWZgYucsA/sendMessage "HTTP/1.1 200 OK"
2026-05-12 12:15:20,752 [INFO] httpx: HTTP Request: POST https://api.telegram.org/bot7865308450:AAEGW5DzQoUjHdWQwYPXZ0ksxYbWZgYucsA/getUpdates "HTTP/1.1 200 OK"
2026-05-12 12:15:30,915 [INFO] httpx: HTTP Request: POST https://api.telegram.org/bot7865308450:AAEGW5DzQoUjHdWQwYPXZ0ksxYbWZgYucsA/getUpdates "HTTP/1.1 200 OK"
2026-05-12 12:15:41,069 [INFO] httpx: HTTP Request: POST https://api.telegram.org/bot7865308450:AAEGW5DzQoUjHdWQwYPXZ0ksxYbWZgYucsA/getUpdates "HTTP/1.1 200 OK"
2026-05-12 12:15:51,223 [INFO] httpx: HTTP Request: POST https://api.telegram.org/bot7865308450:AAEGW5DzQoUjHdWQwYPXZ0ksxYbWZgYucsA/getUpdates "HTTP/1.1 200 OK"
2026-05-12 12:16:01,378 [INFO] httpx: HTTP Request: POST https://api.telegram.org/bot7865308450:AAEGW5DzQoUjHdWQwYPXZ0ksxYbWZgYucsA/getUpdates "HTTP/1.1 200 OK"
2026-05-12 12:16:11,533 [INFO] httpx: HTTP Request: POST https://api.telegram.org/bot7865308450:AAEGW5DzQoUjHdWQwYPXZ0ksxYbWZgYucsA/getUpdates "HTTP/1.1 200 OK"
2026-05-12 12:16:21,689 [INFO] httpx: HTTP Request: POST https://api.telegram.org/bot7865308450:AAEGW5DzQoUjHdWQwYPXZ0ksxYbWZgYucsA/getUpdates "HTTP/1.1 200 OK"
2026-05-12 12:16:31,845 [INFO] httpx: HTTP Request: POST https://api.telegram.org/bot7865308450:AAEGW5DzQoUjHdWQwYPXZ0ksxYbWZgYucsA/getUpdates "HTTP/1.1 200 OK"
2026-05-12 12:16:42,001 [INFO] httpx: HTTP Request: POST https://api.telegram.org/bot7865308450:AAEGW5DzQoUjHdWQwYPXZ0ksxYbWZgYucsA/getUpdates "HTTP/1.1 200 OK"
2026-05-12 12:16:52,160 [INFO] httpx: HTTP Request: POST https://api.telegram.org/bot7865308450:AAEGW5DzQoUjHdWQwYPXZ0ksxYbWZgYucsA/getUpdates "HTTP/1.1 200 OK"
2026-05-12 12:17:02,313 [INFO] httpx: HTTP Request: POST https://api.telegram.org/bot7865308450:AAEGW5DzQoUjHdWQwYPXZ0ksxYbWZgYucsA/getUpdates "HTTP/1.1 200 OK"
2026-05-12 12:17:12,501 [INFO] httpx: HTTP Request: POST https://api.telegram.org/bot7865308450:AAEGW5DzQoUjHdWQwYPXZ0ksxYbWZgYucsA/getUpdates "HTTP/1.1 200 OK"
2026-05-12 12:17:22,655 [INFO] httpx: HTTP Request: POST https://api.telegram.org/bot7865308450:AAEGW5DzQoUjHdWQwYPXZ0ksxYbWZgYucsA/getUpdates "HTTP/1.1 200 OK"
2026-05-12 12:17:32,811 [INFO] httpx: HTTP Request: POST https://api.telegram.org/bot7865308450:AAEGW5DzQoUjHdWQwYPXZ0ksxYbWZgYucsA/getUpdates "HTTP/1.1 200 OK"
2026-05-12 12:17:42,967 [INFO] httpx: HTTP Request: POST https://api.telegram.org/bot7865308450:AAEGW5DzQoUjHdWQwYPXZ0ksxYbWZgYucsA/getUpdates "HTTP/1.1 200 OK"
2026-05-12 12:17:53,271 [INFO] httpx: HTTP Request: POST https://api.telegram.org/bot7865308450:AAEGW5DzQoUjHdWQwYPXZ0ksxYbWZgYucsA/getUpdates "HTTP/1.1 200 OK"
2026-05-12 12:18:03,430 [INFO] httpx: HTTP Request: POST https://api.telegram.org/bot7865308450:AAEGW5DzQoUjHdWQwYPXZ0ksxYbWZgYucsA/getUpdates "HTTP/1.1 200 OK"
2026-05-12 12:18:13,586 [INFO] httpx: HTTP Request: POST https://api.telegram.org/bot7865308450:AAEGW5DzQoUjHdWQwYPXZ0ksxYbWZgYucsA/getUpdates "HTTP/1.1 200 OK"
2026-05-12 12:18:23,739 [INFO] httpx: HTTP Request: POST https://api.telegram.org/bot7865308450:AAEGW5DzQoUjHdWQwYPXZ0ksxYbWZgYucsA/getUpdates "HTTP/1.1 200 OK"
2026-05-12 12:18:33,893 [INFO] httpx: HTTP Request: POST https://api.telegram.org/bot7865308450:AAEGW5DzQoUjHdWQwYPXZ0ksxYbWZgYucsA/getUpdates "HTTP/1.1 200 OK"
2026-05-12 12:18:44,047 [INFO] httpx: HTTP Request: POST https://api.telegram.org/bot7865308450:AAEGW5DzQoUjHdWQwYPXZ0ksxYbWZgYucsA/getUpdates "HTTP/1.1 200 OK"
2026-05-12 12:18:54,202 [INFO] httpx: HTTP Request: POST https://api.telegram.org/bot7865308450:AAEGW5DzQoUjHdWQwYPXZ0ksxYbWZgYucsA/getUpdates "HTTP/1.1 200 OK"
2026-05-12 12:19:04,357 [INFO] httpx: HTTP Request: POST https://api.telegram.org/bot7865308450:AAEGW5DzQoUjHdWQwYPXZ0ksxYbWZgYucsA/getUpdates "HTTP/1.1 200 OK"
2026-05-12 12:19:14,513 [INFO] httpx: HTTP Request: POST https://api.telegram.org/bot7865308450:AAEGW5DzQoUjHdWQwYPXZ0ksxYbWZgYucsA/getUpdates "HTTP/1.1 200 OK"
2026-05-12 12:19:18,485 [INFO] httpx: HTTP Request: POST https://api.telegram.org/bot7865308450:AAEGW5DzQoUjHdWQwYPXZ0ksxYbWZgYucsA/getUpdates "HTTP/1.1 200 OK"
2026-05-12 12:19:18,485 [INFO] telegram.ext.Application: Application is stopping. This might take a moment.
2026-05-12 12:19:18,486 [INFO] telegram.ext.Application: Application.stop() complete
2026-05-12 12:19:24,002 [INFO] __main__: Загружено API ключей: 3, AI ключей: 1
2026-05-12 12:19:24,003 [INFO] __main__: Op уровней: 3
2026-05-12 12:19:24,003 [INFO] __main__: Порог варнов: 5
2026-05-12 12:19:24,003 [INFO] __main__: Бот запускается...
2026-05-12 12:19:24,059 [INFO] __main__: Бот запущен
2026-05-12 12:19:24,494 [INFO] httpx: HTTP Request: POST https://api.telegram.org/bot7865308450:AAEGW5DzQoUjHdWQwYPXZ0ksxYbWZgYucsA/getMe "HTTP/1.1 200 OK"
2026-05-12 12:19:24,650 [INFO] httpx: HTTP Request: POST https://api.telegram.org/bot7865308450:AAEGW5DzQoUjHdWQwYPXZ0ksxYbWZgYucsA/deleteWebhook "HTTP/1.1 200 OK"
2026-05-12 12:19:24,651 [INFO] telegram.ext.Application: Application started
2026-05-12 12:19:34,982 [INFO] httpx: HTTP Request: POST https://api.telegram.org/bot7865308450:AAEGW5DzQoUjHdWQwYPXZ0ksxYbWZgYucsA/getUpdates "HTTP/1.1 200 OK"
2026-05-12 12:19:45,157 [INFO] httpx: HTTP Request: POST https://api.telegram.org/bot7865308450:AAEGW5DzQoUjHdWQwYPXZ0ksxYbWZgYucsA/getUpdates "HTTP/1.1 200 OK"
2026-05-12 12:19:55,311 [INFO] httpx: HTTP Request: POST https://api.telegram.org/bot7865308450:AAEGW5DzQoUjHdWQwYPXZ0ksxYbWZgYucsA/getUpdates "HTTP/1.1 200 OK"
2026-05-12 12:20:05,466 [INFO] httpx: HTTP Request: POST https://api.telegram.org/bot7865308450:AAEGW5DzQoUjHdWQwYPXZ0ksxYbWZgYucsA/getUpdates "HTTP/1.1 200 OK"
2026-05-12 12:20:15,621 [INFO] httpx: HTTP Request: POST https://api.telegram.org/bot7865308450:AAEGW5DzQoUjHdWQwYPXZ0ksxYbWZgYucsA/getUpdates "HTTP/1.1 200 OK"
2026-05-12 12:20:25,775 [INFO] httpx: HTTP Request: POST https://api.telegram.org/bot7865308450:AAEGW5DzQoUjHdWQwYPXZ0ksxYbWZgYucsA/getUpdates "HTTP/1.1 200 OK"
